2022-02-27 19:32:37,625:INFO:PyCaret Supervised Module
2022-02-27 19:32:37,625:INFO:ML Usecase: classification
2022-02-27 19:32:37,625:INFO:version 2.3.6
2022-02-27 19:32:37,626:INFO:Initializing setup()
2022-02-27 19:32:37,626:INFO:setup(target=purchases_90_bool, ml_usecase=classification, available_plots={'parameter': 'Hyperparameters', 'auc': 'AUC', 'confusion_matrix': 'Confusion Matrix', 'threshold': 'Threshold', 'pr': 'Precision Recall', 'error': 'Prediction Error', 'class_report': 'Class Report', 'rfe': 'Feature Selection', 'learning': 'Learning Curve', 'manifold': 'Manifold Learning', 'calibration': 'Calibration Curve', 'vc': 'Validation Curve', 'dimension': 'Dimensions', 'feature': 'Feature Importance', 'feature_all': 'Feature Importance (All)', 'boundary': 'Decision Boundary', 'lift': 'Lift Chart', 'gain': 'Gain Chart', 'tree': 'Decision Tree', 'ks': 'KS Statistic Plot'}, train_size=0.7, test_data=None, preprocess=True, imputation_type=simple, iterative_imputation_iters=5, categorical_features=Index(['gender', 'maildomain', 'region', 'orig_1', 'orig_2', 'utm_src',
       'utm_med', 'utm_cpg', 'channel'],
      dtype='object'), categorical_imputation=constant, categorical_iterative_imputer=lightgbm, ordinal_features=None, high_cardinality_features=None, high_cardinality_method=frequency, numeric_features=None, numeric_imputation=mean, numeric_iterative_imputer=lightgbm, date_features=None, ignore_features=['user_id', 'value_90', 'purchases_90', 'value_90_bin'], normalize=True, normalize_method=zscore, transformation=False, transformation_method=yeo-johnson, handle_unknown_categorical=True, unknown_categorical_method=least_frequent, pca=True, pca_method=linear, pca_components=None, ignore_low_variance=False, combine_rare_levels=False, rare_level_threshold=0.1, bin_numeric_features=None, remove_outliers=False, outliers_threshold=0.05, remove_multicollinearity=False, multicollinearity_threshold=0.9, remove_perfect_collinearity=True, create_clusters=False, cluster_iter=20, polynomial_features=True, polynomial_degree=2, trigonometry_features=False, polynomial_threshold=0.1, group_features=None, group_names=None, feature_selection=False, feature_selection_threshold=0.8, feature_selection_method=classic, feature_interaction=False, feature_ratio=False, interaction_threshold=0.01, fix_imbalance=False, fix_imbalance_method=None, transform_target=False, transform_target_method=box-cox, data_split_shuffle=True, data_split_stratify=False, fold_strategy=stratifiedkfold, fold=5, fold_shuffle=False, fold_groups=None, n_jobs=-1, use_gpu=True, custom_pipeline=None, html=True, session_id=None, log_experiment=False, experiment_name=None, log_plots=False, log_profile=False, log_data=False, silent=False, verbose=True, profile=False, profile_kwargs=None, display=None)
2022-02-27 19:32:37,626:INFO:Checking environment
2022-02-27 19:32:37,626:INFO:python_version: 3.8.12
2022-02-27 19:32:37,626:INFO:python_build: ('default', 'Oct 12 2021 06:23:56')
2022-02-27 19:32:37,626:INFO:machine: x86_64
2022-02-27 19:32:37,626:INFO:platform: macOS-10.16-x86_64-i386-64bit
2022-02-27 19:32:37,627:WARNING:cannot find psutil installation. memory not traceable. Install psutil using pip to enable memory logging.
2022-02-27 19:32:37,627:INFO:Checking libraries
2022-02-27 19:32:37,627:INFO:pd==1.4.1
2022-02-27 19:32:37,627:INFO:numpy==1.21.2
2022-02-27 19:32:37,627:INFO:sklearn==1.0.2
2022-02-27 20:17:16,106:INFO:PyCaret Supervised Module
2022-02-27 20:17:16,108:INFO:ML Usecase: classification
2022-02-27 20:17:16,108:INFO:version 2.3.6
2022-02-27 20:17:16,108:INFO:Initializing setup()
2022-02-27 20:17:16,109:INFO:setup(target=purchases_90_bool, ml_usecase=classification, available_plots={'parameter': 'Hyperparameters', 'auc': 'AUC', 'confusion_matrix': 'Confusion Matrix', 'threshold': 'Threshold', 'pr': 'Precision Recall', 'error': 'Prediction Error', 'class_report': 'Class Report', 'rfe': 'Feature Selection', 'learning': 'Learning Curve', 'manifold': 'Manifold Learning', 'calibration': 'Calibration Curve', 'vc': 'Validation Curve', 'dimension': 'Dimensions', 'feature': 'Feature Importance', 'feature_all': 'Feature Importance (All)', 'boundary': 'Decision Boundary', 'lift': 'Lift Chart', 'gain': 'Gain Chart', 'tree': 'Decision Tree', 'ks': 'KS Statistic Plot'}, train_size=0.7, test_data=None, preprocess=True, imputation_type=simple, iterative_imputation_iters=5, categorical_features=Index(['gender', 'maildomain', 'region', 'orig_1', 'orig_2', 'utm_src',
       'utm_med', 'utm_cpg', 'channel'],
      dtype='object'), categorical_imputation=constant, categorical_iterative_imputer=lightgbm, ordinal_features=None, high_cardinality_features=None, high_cardinality_method=frequency, numeric_features=None, numeric_imputation=mean, numeric_iterative_imputer=lightgbm, date_features=None, ignore_features=['user_id', 'value_90', 'purchases_90', 'value_90_bin'], normalize=True, normalize_method=zscore, transformation=False, transformation_method=yeo-johnson, handle_unknown_categorical=True, unknown_categorical_method=least_frequent, pca=True, pca_method=linear, pca_components=None, ignore_low_variance=False, combine_rare_levels=False, rare_level_threshold=0.1, bin_numeric_features=None, remove_outliers=False, outliers_threshold=0.05, remove_multicollinearity=False, multicollinearity_threshold=0.9, remove_perfect_collinearity=True, create_clusters=False, cluster_iter=20, polynomial_features=True, polynomial_degree=2, trigonometry_features=False, polynomial_threshold=0.1, group_features=None, group_names=None, feature_selection=False, feature_selection_threshold=0.8, feature_selection_method=classic, feature_interaction=False, feature_ratio=False, interaction_threshold=0.01, fix_imbalance=False, fix_imbalance_method=None, transform_target=False, transform_target_method=box-cox, data_split_shuffle=True, data_split_stratify=False, fold_strategy=stratifiedkfold, fold=5, fold_shuffle=False, fold_groups=None, n_jobs=-1, use_gpu=True, custom_pipeline=None, html=True, session_id=None, log_experiment=False, experiment_name=None, log_plots=False, log_profile=False, log_data=False, silent=False, verbose=True, profile=False, profile_kwargs=None, display=None)
2022-02-27 20:17:16,109:INFO:Checking environment
2022-02-27 20:17:16,109:INFO:python_version: 3.8.12
2022-02-27 20:17:16,109:INFO:python_build: ('default', 'Oct 12 2021 06:23:56')
2022-02-27 20:17:16,109:INFO:machine: x86_64
2022-02-27 20:17:16,109:INFO:platform: macOS-10.16-x86_64-i386-64bit
2022-02-27 20:17:16,110:WARNING:cannot find psutil installation. memory not traceable. Install psutil using pip to enable memory logging.
2022-02-27 20:17:16,110:INFO:Checking libraries
2022-02-27 20:17:16,110:INFO:pd==1.4.1
2022-02-27 20:17:16,110:INFO:numpy==1.21.2
2022-02-27 20:17:16,111:INFO:sklearn==1.0.2
2022-02-27 20:17:19,230:INFO:PyCaret Supervised Module
2022-02-27 20:17:19,231:INFO:ML Usecase: classification
2022-02-27 20:17:19,231:INFO:version 2.3.6
2022-02-27 20:17:19,232:INFO:Initializing setup()
2022-02-27 20:17:19,232:INFO:setup(target=purchases_90_bool, ml_usecase=classification, available_plots={'parameter': 'Hyperparameters', 'auc': 'AUC', 'confusion_matrix': 'Confusion Matrix', 'threshold': 'Threshold', 'pr': 'Precision Recall', 'error': 'Prediction Error', 'class_report': 'Class Report', 'rfe': 'Feature Selection', 'learning': 'Learning Curve', 'manifold': 'Manifold Learning', 'calibration': 'Calibration Curve', 'vc': 'Validation Curve', 'dimension': 'Dimensions', 'feature': 'Feature Importance', 'feature_all': 'Feature Importance (All)', 'boundary': 'Decision Boundary', 'lift': 'Lift Chart', 'gain': 'Gain Chart', 'tree': 'Decision Tree', 'ks': 'KS Statistic Plot'}, train_size=0.7, test_data=None, preprocess=True, imputation_type=simple, iterative_imputation_iters=5, categorical_features=Index(['gender', 'maildomain', 'region', 'orig_1', 'orig_2', 'utm_src',
       'utm_med', 'utm_cpg', 'channel'],
      dtype='object'), categorical_imputation=constant, categorical_iterative_imputer=lightgbm, ordinal_features=None, high_cardinality_features=None, high_cardinality_method=frequency, numeric_features=None, numeric_imputation=mean, numeric_iterative_imputer=lightgbm, date_features=None, ignore_features=['user_id', 'value_90', 'purchases_90', 'value_90_bin'], normalize=True, normalize_method=zscore, transformation=False, transformation_method=yeo-johnson, handle_unknown_categorical=True, unknown_categorical_method=least_frequent, pca=True, pca_method=linear, pca_components=None, ignore_low_variance=False, combine_rare_levels=False, rare_level_threshold=0.1, bin_numeric_features=None, remove_outliers=False, outliers_threshold=0.05, remove_multicollinearity=False, multicollinearity_threshold=0.9, remove_perfect_collinearity=True, create_clusters=False, cluster_iter=20, polynomial_features=True, polynomial_degree=2, trigonometry_features=False, polynomial_threshold=0.1, group_features=None, group_names=None, feature_selection=False, feature_selection_threshold=0.8, feature_selection_method=classic, feature_interaction=False, feature_ratio=False, interaction_threshold=0.01, fix_imbalance=False, fix_imbalance_method=None, transform_target=False, transform_target_method=box-cox, data_split_shuffle=True, data_split_stratify=False, fold_strategy=stratifiedkfold, fold=5, fold_shuffle=False, fold_groups=None, n_jobs=-1, use_gpu=True, custom_pipeline=None, html=True, session_id=None, log_experiment=False, experiment_name=None, log_plots=False, log_profile=False, log_data=False, silent=False, verbose=True, profile=False, profile_kwargs=None, display=None)
2022-02-27 20:17:19,232:INFO:Checking environment
2022-02-27 20:17:19,232:INFO:python_version: 3.8.12
2022-02-27 20:17:19,232:INFO:python_build: ('default', 'Oct 12 2021 06:23:56')
2022-02-27 20:17:19,232:INFO:machine: x86_64
2022-02-27 20:17:19,232:INFO:platform: macOS-10.16-x86_64-i386-64bit
2022-02-27 20:17:19,233:WARNING:cannot find psutil installation. memory not traceable. Install psutil using pip to enable memory logging.
2022-02-27 20:17:19,233:INFO:Checking libraries
2022-02-27 20:17:19,233:INFO:pd==1.4.1
2022-02-27 20:17:19,233:INFO:numpy==1.21.2
2022-02-27 20:17:19,233:INFO:sklearn==1.0.2
2022-02-27 20:18:55,237:INFO:PyCaret Supervised Module
2022-02-27 20:18:55,238:INFO:ML Usecase: classification
2022-02-27 20:18:55,238:INFO:version 2.3.6
2022-02-27 20:18:55,238:INFO:Initializing setup()
2022-02-27 20:18:55,238:INFO:setup(target=purchases_90_bool, ml_usecase=classification, available_plots={'parameter': 'Hyperparameters', 'auc': 'AUC', 'confusion_matrix': 'Confusion Matrix', 'threshold': 'Threshold', 'pr': 'Precision Recall', 'error': 'Prediction Error', 'class_report': 'Class Report', 'rfe': 'Feature Selection', 'learning': 'Learning Curve', 'manifold': 'Manifold Learning', 'calibration': 'Calibration Curve', 'vc': 'Validation Curve', 'dimension': 'Dimensions', 'feature': 'Feature Importance', 'feature_all': 'Feature Importance (All)', 'boundary': 'Decision Boundary', 'lift': 'Lift Chart', 'gain': 'Gain Chart', 'tree': 'Decision Tree', 'ks': 'KS Statistic Plot'}, train_size=0.7, test_data=None, preprocess=True, imputation_type=simple, iterative_imputation_iters=5, categorical_features=Index(['gender', 'maildomain', 'region', 'orig_1', 'orig_2', 'utm_src',
       'utm_med', 'utm_cpg', 'channel'],
      dtype='object'), categorical_imputation=constant, categorical_iterative_imputer=lightgbm, ordinal_features=None, high_cardinality_features=None, high_cardinality_method=frequency, numeric_features=None, numeric_imputation=mean, numeric_iterative_imputer=lightgbm, date_features=None, ignore_features=['user_id', 'value_90', 'purchases_90', 'value_90_bin'], normalize=True, normalize_method=zscore, transformation=False, transformation_method=yeo-johnson, handle_unknown_categorical=True, unknown_categorical_method=least_frequent, pca=True, pca_method=linear, pca_components=None, ignore_low_variance=False, combine_rare_levels=False, rare_level_threshold=0.1, bin_numeric_features=None, remove_outliers=False, outliers_threshold=0.05, remove_multicollinearity=False, multicollinearity_threshold=0.9, remove_perfect_collinearity=True, create_clusters=False, cluster_iter=20, polynomial_features=True, polynomial_degree=2, trigonometry_features=False, polynomial_threshold=0.1, group_features=None, group_names=None, feature_selection=False, feature_selection_threshold=0.8, feature_selection_method=classic, feature_interaction=False, feature_ratio=False, interaction_threshold=0.01, fix_imbalance=False, fix_imbalance_method=None, transform_target=False, transform_target_method=box-cox, data_split_shuffle=True, data_split_stratify=False, fold_strategy=stratifiedkfold, fold=5, fold_shuffle=False, fold_groups=None, n_jobs=-1, use_gpu=True, custom_pipeline=None, html=True, session_id=None, log_experiment=False, experiment_name=None, log_plots=False, log_profile=False, log_data=False, silent=False, verbose=True, profile=False, profile_kwargs=None, display=None)
2022-02-27 20:18:55,238:INFO:Checking environment
2022-02-27 20:18:55,239:INFO:python_version: 3.8.12
2022-02-27 20:18:55,239:INFO:python_build: ('default', 'Oct 12 2021 06:23:56')
2022-02-27 20:18:55,239:INFO:machine: x86_64
2022-02-27 20:18:55,239:INFO:platform: macOS-10.16-x86_64-i386-64bit
2022-02-27 20:18:55,241:WARNING:cannot find psutil installation. memory not traceable. Install psutil using pip to enable memory logging.
2022-02-27 20:18:55,242:INFO:Checking libraries
2022-02-27 20:18:55,242:INFO:pd==1.4.1
2022-02-27 20:18:55,242:INFO:numpy==1.21.2
2022-02-27 20:18:55,242:INFO:sklearn==1.0.2
2022-02-27 20:20:36,137:INFO:PyCaret Supervised Module
2022-02-27 20:20:36,139:INFO:ML Usecase: classification
2022-02-27 20:20:36,139:INFO:version 2.3.6
2022-02-27 20:20:36,139:INFO:Initializing setup()
2022-02-27 20:20:36,139:INFO:setup(target=purchases_90_bool, ml_usecase=classification, available_plots={'parameter': 'Hyperparameters', 'auc': 'AUC', 'confusion_matrix': 'Confusion Matrix', 'threshold': 'Threshold', 'pr': 'Precision Recall', 'error': 'Prediction Error', 'class_report': 'Class Report', 'rfe': 'Feature Selection', 'learning': 'Learning Curve', 'manifold': 'Manifold Learning', 'calibration': 'Calibration Curve', 'vc': 'Validation Curve', 'dimension': 'Dimensions', 'feature': 'Feature Importance', 'feature_all': 'Feature Importance (All)', 'boundary': 'Decision Boundary', 'lift': 'Lift Chart', 'gain': 'Gain Chart', 'tree': 'Decision Tree', 'ks': 'KS Statistic Plot'}, train_size=0.7, test_data=None, preprocess=True, imputation_type=simple, iterative_imputation_iters=5, categorical_features=Index(['gender', 'maildomain', 'region', 'orig_1', 'orig_2', 'utm_src',
       'utm_med', 'utm_cpg', 'channel'],
      dtype='object'), categorical_imputation=constant, categorical_iterative_imputer=lightgbm, ordinal_features=None, high_cardinality_features=None, high_cardinality_method=frequency, numeric_features=None, numeric_imputation=mean, numeric_iterative_imputer=lightgbm, date_features=None, ignore_features=['user_id', 'value_90', 'purchases_90', 'value_90_bin'], normalize=True, normalize_method=zscore, transformation=False, transformation_method=yeo-johnson, handle_unknown_categorical=True, unknown_categorical_method=least_frequent, pca=True, pca_method=linear, pca_components=None, ignore_low_variance=False, combine_rare_levels=False, rare_level_threshold=0.1, bin_numeric_features=None, remove_outliers=False, outliers_threshold=0.05, remove_multicollinearity=False, multicollinearity_threshold=0.9, remove_perfect_collinearity=True, create_clusters=False, cluster_iter=20, polynomial_features=True, polynomial_degree=2, trigonometry_features=False, polynomial_threshold=0.1, group_features=None, group_names=None, feature_selection=False, feature_selection_threshold=0.8, feature_selection_method=classic, feature_interaction=False, feature_ratio=False, interaction_threshold=0.01, fix_imbalance=False, fix_imbalance_method=None, transform_target=False, transform_target_method=box-cox, data_split_shuffle=True, data_split_stratify=False, fold_strategy=stratifiedkfold, fold=5, fold_shuffle=False, fold_groups=None, n_jobs=-1, use_gpu=True, custom_pipeline=None, html=True, session_id=None, log_experiment=False, experiment_name=None, log_plots=False, log_profile=False, log_data=False, silent=False, verbose=True, profile=False, profile_kwargs=None, display=None)
2022-02-27 20:20:36,139:INFO:Checking environment
2022-02-27 20:20:36,139:INFO:python_version: 3.8.12
2022-02-27 20:20:36,139:INFO:python_build: ('default', 'Oct 12 2021 06:23:56')
2022-02-27 20:20:36,139:INFO:machine: x86_64
2022-02-27 20:20:36,139:INFO:platform: macOS-10.16-x86_64-i386-64bit
2022-02-27 20:20:36,143:WARNING:cannot find psutil installation. memory not traceable. Install psutil using pip to enable memory logging.
2022-02-27 20:20:36,143:INFO:Checking libraries
2022-02-27 20:20:36,143:INFO:pd==1.4.1
2022-02-27 20:20:36,144:INFO:numpy==1.21.2
2022-02-27 20:20:36,144:INFO:sklearn==1.0.2
2022-02-27 20:22:16,229:INFO:PyCaret Supervised Module
2022-02-27 20:22:16,231:INFO:ML Usecase: classification
2022-02-27 20:22:16,231:INFO:version 2.3.6
2022-02-27 20:22:16,231:INFO:Initializing setup()
2022-02-27 20:22:16,231:INFO:setup(target=purchases_90_bool, ml_usecase=classification, available_plots={'parameter': 'Hyperparameters', 'auc': 'AUC', 'confusion_matrix': 'Confusion Matrix', 'threshold': 'Threshold', 'pr': 'Precision Recall', 'error': 'Prediction Error', 'class_report': 'Class Report', 'rfe': 'Feature Selection', 'learning': 'Learning Curve', 'manifold': 'Manifold Learning', 'calibration': 'Calibration Curve', 'vc': 'Validation Curve', 'dimension': 'Dimensions', 'feature': 'Feature Importance', 'feature_all': 'Feature Importance (All)', 'boundary': 'Decision Boundary', 'lift': 'Lift Chart', 'gain': 'Gain Chart', 'tree': 'Decision Tree', 'ks': 'KS Statistic Plot'}, train_size=0.7, test_data=None, preprocess=True, imputation_type=simple, iterative_imputation_iters=5, categorical_features=Index(['gender', 'maildomain', 'region', 'orig_1', 'orig_2', 'utm_src',
       'utm_med', 'utm_cpg', 'channel'],
      dtype='object'), categorical_imputation=constant, categorical_iterative_imputer=lightgbm, ordinal_features=None, high_cardinality_features=None, high_cardinality_method=frequency, numeric_features=None, numeric_imputation=mean, numeric_iterative_imputer=lightgbm, date_features=None, ignore_features=['user_id', 'value_90', 'purchases_90', 'value_90_bin'], normalize=True, normalize_method=zscore, transformation=False, transformation_method=yeo-johnson, handle_unknown_categorical=True, unknown_categorical_method=least_frequent, pca=True, pca_method=linear, pca_components=None, ignore_low_variance=False, combine_rare_levels=False, rare_level_threshold=0.1, bin_numeric_features=None, remove_outliers=False, outliers_threshold=0.05, remove_multicollinearity=False, multicollinearity_threshold=0.9, remove_perfect_collinearity=True, create_clusters=False, cluster_iter=20, polynomial_features=True, polynomial_degree=2, trigonometry_features=False, polynomial_threshold=0.1, group_features=None, group_names=None, feature_selection=False, feature_selection_threshold=0.8, feature_selection_method=classic, feature_interaction=False, feature_ratio=False, interaction_threshold=0.01, fix_imbalance=False, fix_imbalance_method=None, transform_target=False, transform_target_method=box-cox, data_split_shuffle=True, data_split_stratify=False, fold_strategy=stratifiedkfold, fold=5, fold_shuffle=False, fold_groups=None, n_jobs=-1, use_gpu=True, custom_pipeline=None, html=True, session_id=None, log_experiment=False, experiment_name=None, log_plots=False, log_profile=False, log_data=False, silent=False, verbose=True, profile=False, profile_kwargs=None, display=None)
2022-02-27 20:22:16,231:INFO:Checking environment
2022-02-27 20:22:16,232:INFO:python_version: 3.8.12
2022-02-27 20:22:16,232:INFO:python_build: ('default', 'Oct 12 2021 06:23:56')
2022-02-27 20:22:16,232:INFO:machine: x86_64
2022-02-27 20:22:16,232:INFO:platform: macOS-10.16-x86_64-i386-64bit
2022-02-27 20:22:16,236:WARNING:cannot find psutil installation. memory not traceable. Install psutil using pip to enable memory logging.
2022-02-27 20:22:16,236:INFO:Checking libraries
2022-02-27 20:22:16,236:INFO:pd==1.4.1
2022-02-27 20:22:16,236:INFO:numpy==1.21.2
2022-02-27 20:22:16,236:INFO:sklearn==1.0.2
2022-02-27 20:27:06,000:INFO:PyCaret Supervised Module
2022-02-27 20:27:06,002:INFO:ML Usecase: classification
2022-02-27 20:27:06,002:INFO:version 2.3.6
2022-02-27 20:27:06,002:INFO:Initializing setup()
2022-02-27 20:27:06,002:INFO:setup(target=purchases_90_bool, ml_usecase=classification, available_plots={'parameter': 'Hyperparameters', 'auc': 'AUC', 'confusion_matrix': 'Confusion Matrix', 'threshold': 'Threshold', 'pr': 'Precision Recall', 'error': 'Prediction Error', 'class_report': 'Class Report', 'rfe': 'Feature Selection', 'learning': 'Learning Curve', 'manifold': 'Manifold Learning', 'calibration': 'Calibration Curve', 'vc': 'Validation Curve', 'dimension': 'Dimensions', 'feature': 'Feature Importance', 'feature_all': 'Feature Importance (All)', 'boundary': 'Decision Boundary', 'lift': 'Lift Chart', 'gain': 'Gain Chart', 'tree': 'Decision Tree', 'ks': 'KS Statistic Plot'}, train_size=0.7, test_data=None, preprocess=True, imputation_type=simple, iterative_imputation_iters=5, categorical_features=Index(['gender', 'maildomain', 'region', 'orig_1', 'orig_2', 'utm_src',
       'utm_med', 'utm_cpg', 'channel'],
      dtype='object'), categorical_imputation=constant, categorical_iterative_imputer=lightgbm, ordinal_features=None, high_cardinality_features=None, high_cardinality_method=frequency, numeric_features=None, numeric_imputation=mean, numeric_iterative_imputer=lightgbm, date_features=None, ignore_features=['user_id', 'value_90', 'purchases_90', 'value_90_bin'], normalize=True, normalize_method=zscore, transformation=False, transformation_method=yeo-johnson, handle_unknown_categorical=True, unknown_categorical_method=least_frequent, pca=True, pca_method=linear, pca_components=None, ignore_low_variance=False, combine_rare_levels=False, rare_level_threshold=0.1, bin_numeric_features=None, remove_outliers=False, outliers_threshold=0.05, remove_multicollinearity=False, multicollinearity_threshold=0.9, remove_perfect_collinearity=True, create_clusters=False, cluster_iter=20, polynomial_features=True, polynomial_degree=2, trigonometry_features=False, polynomial_threshold=0.1, group_features=None, group_names=None, feature_selection=False, feature_selection_threshold=0.8, feature_selection_method=classic, feature_interaction=False, feature_ratio=False, interaction_threshold=0.01, fix_imbalance=False, fix_imbalance_method=None, transform_target=False, transform_target_method=box-cox, data_split_shuffle=True, data_split_stratify=False, fold_strategy=stratifiedkfold, fold=5, fold_shuffle=False, fold_groups=None, n_jobs=-1, use_gpu=True, custom_pipeline=None, html=True, session_id=None, log_experiment=False, experiment_name=None, log_plots=False, log_profile=False, log_data=False, silent=False, verbose=True, profile=False, profile_kwargs=None, display=None)
2022-02-27 20:27:06,002:INFO:Checking environment
2022-02-27 20:27:06,002:INFO:python_version: 3.8.12
2022-02-27 20:27:06,003:INFO:python_build: ('default', 'Oct 12 2021 06:23:56')
2022-02-27 20:27:06,003:INFO:machine: x86_64
2022-02-27 20:27:06,004:INFO:platform: macOS-10.16-x86_64-i386-64bit
2022-02-27 20:27:06,004:WARNING:cannot find psutil installation. memory not traceable. Install psutil using pip to enable memory logging.
2022-02-27 20:27:06,005:INFO:Checking libraries
2022-02-27 20:27:06,005:INFO:pd==1.4.1
2022-02-27 20:27:06,005:INFO:numpy==1.21.2
2022-02-27 20:27:06,005:INFO:sklearn==1.0.2
2022-02-27 20:29:21,856:INFO:PyCaret Supervised Module
2022-02-27 20:29:21,856:INFO:ML Usecase: classification
2022-02-27 20:29:21,857:INFO:version 2.3.6
2022-02-27 20:29:21,857:INFO:Initializing setup()
2022-02-27 20:29:21,857:INFO:setup(target=purchases_90_bool, ml_usecase=classification, available_plots={'parameter': 'Hyperparameters', 'auc': 'AUC', 'confusion_matrix': 'Confusion Matrix', 'threshold': 'Threshold', 'pr': 'Precision Recall', 'error': 'Prediction Error', 'class_report': 'Class Report', 'rfe': 'Feature Selection', 'learning': 'Learning Curve', 'manifold': 'Manifold Learning', 'calibration': 'Calibration Curve', 'vc': 'Validation Curve', 'dimension': 'Dimensions', 'feature': 'Feature Importance', 'feature_all': 'Feature Importance (All)', 'boundary': 'Decision Boundary', 'lift': 'Lift Chart', 'gain': 'Gain Chart', 'tree': 'Decision Tree', 'ks': 'KS Statistic Plot'}, train_size=0.7, test_data=None, preprocess=True, imputation_type=simple, iterative_imputation_iters=5, categorical_features=Index(['gender', 'maildomain', 'region', 'orig_1', 'orig_2', 'utm_src',
       'utm_med', 'utm_cpg', 'channel'],
      dtype='object'), categorical_imputation=constant, categorical_iterative_imputer=lightgbm, ordinal_features=None, high_cardinality_features=None, high_cardinality_method=frequency, numeric_features=None, numeric_imputation=mean, numeric_iterative_imputer=lightgbm, date_features=None, ignore_features=['user_id', 'value_90', 'purchases_90', 'value_90_bin'], normalize=True, normalize_method=zscore, transformation=False, transformation_method=yeo-johnson, handle_unknown_categorical=True, unknown_categorical_method=least_frequent, pca=True, pca_method=linear, pca_components=None, ignore_low_variance=False, combine_rare_levels=False, rare_level_threshold=0.1, bin_numeric_features=None, remove_outliers=False, outliers_threshold=0.05, remove_multicollinearity=False, multicollinearity_threshold=0.9, remove_perfect_collinearity=True, create_clusters=False, cluster_iter=20, polynomial_features=True, polynomial_degree=2, trigonometry_features=False, polynomial_threshold=0.1, group_features=None, group_names=None, feature_selection=False, feature_selection_threshold=0.8, feature_selection_method=classic, feature_interaction=False, feature_ratio=False, interaction_threshold=0.01, fix_imbalance=False, fix_imbalance_method=None, transform_target=False, transform_target_method=box-cox, data_split_shuffle=True, data_split_stratify=False, fold_strategy=stratifiedkfold, fold=5, fold_shuffle=False, fold_groups=None, n_jobs=-1, use_gpu=True, custom_pipeline=None, html=True, session_id=None, log_experiment=False, experiment_name=None, log_plots=False, log_profile=False, log_data=False, silent=False, verbose=True, profile=False, profile_kwargs=None, display=None)
2022-02-27 20:29:21,857:INFO:Checking environment
2022-02-27 20:29:21,857:INFO:python_version: 3.8.12
2022-02-27 20:29:21,857:INFO:python_build: ('default', 'Oct 12 2021 06:23:56')
2022-02-27 20:29:21,857:INFO:machine: x86_64
2022-02-27 20:29:21,857:INFO:platform: macOS-10.16-x86_64-i386-64bit
2022-02-27 20:29:21,858:WARNING:cannot find psutil installation. memory not traceable. Install psutil using pip to enable memory logging.
2022-02-27 20:29:21,858:INFO:Checking libraries
2022-02-27 20:29:21,858:INFO:pd==1.4.1
2022-02-27 20:29:21,858:INFO:numpy==1.19.5
2022-02-27 20:29:21,858:INFO:sklearn==0.23.2
2022-02-27 20:29:21,858:INFO:lightgbm==3.2.1
2022-02-27 20:29:21,858:WARNING:catboost not found
2022-02-27 20:29:21,859:WARNING:xgboost not found
2022-02-27 20:29:22,311:INFO:mlflow==1.23.1
2022-02-27 20:29:22,311:INFO:Checking Exceptions
2022-02-27 20:29:22,311:INFO:Declaring global variables
2022-02-27 20:29:22,311:INFO:USI: 7305
2022-02-27 20:29:22,311:INFO:pycaret_globals: {'USI', 'fix_imbalance_method_param', 'y_test', 'stratify_param', 'fold_shuffle_param', 'fold_generator', '_gpu_n_jobs_param', 'transform_target_param', 'transform_target_method_param', 'pycaret_globals', 'fold_param', 'log_plots_param', 'fold_groups_param_full', '_internal_pipeline', 'exp_name_log', 'experiment__', '_all_models', 'y', 'iterative_imputation_iters_param', 'target_param', '_all_models_internal', '_available_plots', 'data_before_preprocess', 'X_train', 'X', 'create_model_container', 'prep_pipe', 'gpu_param', 'fold_groups_param', 'seed', 'master_model_container', 'imputation_classifier', 'y_train', 'fix_imbalance_param', '_all_metrics', 'display_container', '_ml_usecase', 'html_param', 'imputation_regressor', 'X_test', 'logging_param', 'n_jobs_param'}
2022-02-27 20:29:22,311:INFO:Preparing display monitor
2022-02-27 20:29:22,312:INFO:Preparing display monitor
2022-02-27 20:29:22,322:INFO:Importing libraries
2022-02-27 20:29:22,322:INFO:Copying data for preprocessing
2022-02-27 20:29:22,352:INFO:Declaring preprocessing parameters
2022-02-27 20:31:10,598:INFO:PyCaret Supervised Module
2022-02-27 20:31:10,598:INFO:ML Usecase: classification
2022-02-27 20:31:10,598:INFO:version 2.3.6
2022-02-27 20:31:10,598:INFO:Initializing setup()
2022-02-27 20:31:10,598:INFO:setup(target=purchases_90_bool, ml_usecase=classification, available_plots={'parameter': 'Hyperparameters', 'auc': 'AUC', 'confusion_matrix': 'Confusion Matrix', 'threshold': 'Threshold', 'pr': 'Precision Recall', 'error': 'Prediction Error', 'class_report': 'Class Report', 'rfe': 'Feature Selection', 'learning': 'Learning Curve', 'manifold': 'Manifold Learning', 'calibration': 'Calibration Curve', 'vc': 'Validation Curve', 'dimension': 'Dimensions', 'feature': 'Feature Importance', 'feature_all': 'Feature Importance (All)', 'boundary': 'Decision Boundary', 'lift': 'Lift Chart', 'gain': 'Gain Chart', 'tree': 'Decision Tree', 'ks': 'KS Statistic Plot'}, train_size=0.7, test_data=None, preprocess=True, imputation_type=simple, iterative_imputation_iters=5, categorical_features=Index(['gender', 'maildomain', 'region', 'orig_1', 'orig_2', 'utm_src',
       'utm_med', 'utm_cpg', 'channel'],
      dtype='object'), categorical_imputation=constant, categorical_iterative_imputer=lightgbm, ordinal_features=None, high_cardinality_features=None, high_cardinality_method=frequency, numeric_features=None, numeric_imputation=mean, numeric_iterative_imputer=lightgbm, date_features=None, ignore_features=['user_id', 'value_90', 'purchases_90', 'value_90_bin'], normalize=True, normalize_method=zscore, transformation=False, transformation_method=yeo-johnson, handle_unknown_categorical=True, unknown_categorical_method=least_frequent, pca=True, pca_method=linear, pca_components=None, ignore_low_variance=False, combine_rare_levels=False, rare_level_threshold=0.1, bin_numeric_features=None, remove_outliers=False, outliers_threshold=0.05, remove_multicollinearity=False, multicollinearity_threshold=0.9, remove_perfect_collinearity=True, create_clusters=False, cluster_iter=20, polynomial_features=True, polynomial_degree=2, trigonometry_features=False, polynomial_threshold=0.1, group_features=None, group_names=None, feature_selection=False, feature_selection_threshold=0.8, feature_selection_method=classic, feature_interaction=False, feature_ratio=False, interaction_threshold=0.01, fix_imbalance=False, fix_imbalance_method=None, transform_target=False, transform_target_method=box-cox, data_split_shuffle=True, data_split_stratify=False, fold_strategy=stratifiedkfold, fold=5, fold_shuffle=False, fold_groups=None, n_jobs=-1, use_gpu=True, custom_pipeline=None, html=True, session_id=None, log_experiment=False, experiment_name=None, log_plots=False, log_profile=False, log_data=False, silent=False, verbose=True, profile=False, profile_kwargs=None, display=None)
2022-02-27 20:31:10,598:INFO:Checking environment
2022-02-27 20:31:10,599:INFO:python_version: 3.8.12
2022-02-27 20:31:10,599:INFO:python_build: ('default', 'Oct 12 2021 06:23:56')
2022-02-27 20:31:10,599:INFO:machine: x86_64
2022-02-27 20:31:10,599:INFO:platform: macOS-10.16-x86_64-i386-64bit
2022-02-27 20:31:10,600:WARNING:cannot find psutil installation. memory not traceable. Install psutil using pip to enable memory logging.
2022-02-27 20:31:10,600:INFO:Checking libraries
2022-02-27 20:31:10,600:INFO:pd==1.4.1
2022-02-27 20:31:10,600:INFO:numpy==1.19.5
2022-02-27 20:31:10,600:INFO:sklearn==0.23.2
2022-02-27 20:31:10,600:INFO:lightgbm==3.2.1
2022-02-27 20:31:10,601:WARNING:catboost not found
2022-02-27 20:31:10,601:WARNING:xgboost not found
2022-02-27 20:31:10,601:INFO:mlflow==1.23.1
2022-02-27 20:31:10,602:INFO:Checking Exceptions
2022-02-27 20:31:10,602:INFO:Declaring global variables
2022-02-27 20:31:10,602:INFO:USI: 74b2
2022-02-27 20:31:10,602:INFO:pycaret_globals: {'USI', 'fix_imbalance_method_param', 'y_test', 'stratify_param', 'fold_shuffle_param', 'fold_generator', '_gpu_n_jobs_param', 'transform_target_param', 'transform_target_method_param', 'pycaret_globals', 'fold_param', 'log_plots_param', 'fold_groups_param_full', '_internal_pipeline', 'exp_name_log', 'experiment__', '_all_models', 'y', 'iterative_imputation_iters_param', 'target_param', '_all_models_internal', '_available_plots', 'data_before_preprocess', 'X_train', 'X', 'create_model_container', 'prep_pipe', 'gpu_param', 'fold_groups_param', 'seed', 'master_model_container', 'imputation_classifier', 'y_train', 'fix_imbalance_param', '_all_metrics', 'display_container', '_ml_usecase', 'html_param', 'imputation_regressor', 'X_test', 'logging_param', 'n_jobs_param'}
2022-02-27 20:31:10,602:INFO:Preparing display monitor
2022-02-27 20:31:10,602:INFO:Preparing display monitor
2022-02-27 20:31:10,614:INFO:Importing libraries
2022-02-27 20:31:10,614:INFO:Copying data for preprocessing
2022-02-27 20:31:10,651:INFO:Declaring preprocessing parameters
2022-02-27 20:31:49,725:INFO:PyCaret Supervised Module
2022-02-27 20:31:49,725:INFO:ML Usecase: classification
2022-02-27 20:31:49,726:INFO:version 2.3.6
2022-02-27 20:31:49,726:INFO:Initializing setup()
2022-02-27 20:31:49,726:INFO:setup(target=purchases_90_bool, ml_usecase=classification, available_plots={'parameter': 'Hyperparameters', 'auc': 'AUC', 'confusion_matrix': 'Confusion Matrix', 'threshold': 'Threshold', 'pr': 'Precision Recall', 'error': 'Prediction Error', 'class_report': 'Class Report', 'rfe': 'Feature Selection', 'learning': 'Learning Curve', 'manifold': 'Manifold Learning', 'calibration': 'Calibration Curve', 'vc': 'Validation Curve', 'dimension': 'Dimensions', 'feature': 'Feature Importance', 'feature_all': 'Feature Importance (All)', 'boundary': 'Decision Boundary', 'lift': 'Lift Chart', 'gain': 'Gain Chart', 'tree': 'Decision Tree', 'ks': 'KS Statistic Plot'}, train_size=0.7, test_data=None, preprocess=True, imputation_type=simple, iterative_imputation_iters=5, categorical_features=None, categorical_imputation=constant, categorical_iterative_imputer=lightgbm, ordinal_features=None, high_cardinality_features=None, high_cardinality_method=frequency, numeric_features=None, numeric_imputation=mean, numeric_iterative_imputer=lightgbm, date_features=None, ignore_features=['user_id', 'value_90', 'purchases_90', 'value_90_bin'], normalize=True, normalize_method=zscore, transformation=False, transformation_method=yeo-johnson, handle_unknown_categorical=True, unknown_categorical_method=least_frequent, pca=True, pca_method=linear, pca_components=None, ignore_low_variance=False, combine_rare_levels=False, rare_level_threshold=0.1, bin_numeric_features=None, remove_outliers=False, outliers_threshold=0.05, remove_multicollinearity=False, multicollinearity_threshold=0.9, remove_perfect_collinearity=True, create_clusters=False, cluster_iter=20, polynomial_features=True, polynomial_degree=2, trigonometry_features=False, polynomial_threshold=0.1, group_features=None, group_names=None, feature_selection=False, feature_selection_threshold=0.8, feature_selection_method=classic, feature_interaction=False, feature_ratio=False, interaction_threshold=0.01, fix_imbalance=False, fix_imbalance_method=None, transform_target=False, transform_target_method=box-cox, data_split_shuffle=True, data_split_stratify=False, fold_strategy=stratifiedkfold, fold=5, fold_shuffle=False, fold_groups=None, n_jobs=-1, use_gpu=True, custom_pipeline=None, html=True, session_id=None, log_experiment=False, experiment_name=None, log_plots=False, log_profile=False, log_data=False, silent=False, verbose=True, profile=False, profile_kwargs=None, display=None)
2022-02-27 20:31:49,726:INFO:Checking environment
2022-02-27 20:31:49,726:INFO:python_version: 3.8.12
2022-02-27 20:31:49,727:INFO:python_build: ('default', 'Oct 12 2021 06:23:56')
2022-02-27 20:31:49,727:INFO:machine: x86_64
2022-02-27 20:31:49,727:INFO:platform: macOS-10.16-x86_64-i386-64bit
2022-02-27 20:31:49,728:WARNING:cannot find psutil installation. memory not traceable. Install psutil using pip to enable memory logging.
2022-02-27 20:31:49,728:INFO:Checking libraries
2022-02-27 20:31:49,728:INFO:pd==1.4.1
2022-02-27 20:31:49,728:INFO:numpy==1.19.5
2022-02-27 20:31:49,728:INFO:sklearn==0.23.2
2022-02-27 20:31:49,728:INFO:lightgbm==3.2.1
2022-02-27 20:31:49,729:WARNING:catboost not found
2022-02-27 20:31:49,729:WARNING:xgboost not found
2022-02-27 20:31:49,729:INFO:mlflow==1.23.1
2022-02-27 20:31:49,729:INFO:Checking Exceptions
2022-02-27 20:31:49,729:INFO:Declaring global variables
2022-02-27 20:31:49,729:INFO:USI: 5422
2022-02-27 20:31:49,729:INFO:pycaret_globals: {'USI', 'fix_imbalance_method_param', 'y_test', 'stratify_param', 'fold_shuffle_param', 'fold_generator', '_gpu_n_jobs_param', 'transform_target_param', 'transform_target_method_param', 'pycaret_globals', 'fold_param', 'log_plots_param', 'fold_groups_param_full', '_internal_pipeline', 'exp_name_log', 'experiment__', '_all_models', 'y', 'iterative_imputation_iters_param', 'target_param', '_all_models_internal', '_available_plots', 'data_before_preprocess', 'X_train', 'X', 'create_model_container', 'prep_pipe', 'gpu_param', 'fold_groups_param', 'seed', 'master_model_container', 'imputation_classifier', 'y_train', 'fix_imbalance_param', '_all_metrics', 'display_container', '_ml_usecase', 'html_param', 'imputation_regressor', 'X_test', 'logging_param', 'n_jobs_param'}
2022-02-27 20:31:49,729:INFO:Preparing display monitor
2022-02-27 20:31:49,730:INFO:Preparing display monitor
2022-02-27 20:31:49,745:INFO:Importing libraries
2022-02-27 20:31:49,745:INFO:Copying data for preprocessing
2022-02-27 20:31:49,780:INFO:Declaring preprocessing parameters
2022-02-27 20:31:49,782:WARNING:cuML not found
2022-02-27 20:31:49,782:WARNING:cuML is outdated or not found. Required version is >=0.15, got 3.2.1
2022-02-27 20:31:49,811:INFO:Creating preprocessing pipeline
2022-02-27 20:31:50,086:INFO:Preprocessing pipeline created successfully
2022-02-27 20:31:50,086:ERROR:(Process Exit): setup has been interupted with user command 'quit'. setup must rerun.
2022-02-27 20:31:50,087:INFO:Creating global containers
2022-02-27 20:31:50,089:INFO:Internal pipeline: Pipeline(memory=None, steps=[('empty_step', 'passthrough')], verbose=False)
2022-02-27 20:32:44,456:WARNING:Couldn't import cuml.linear_model.LogisticRegression
2022-02-27 20:32:44,498:WARNING:Couldn't import cuml.neighbors.KNeighborsClassifier
2022-02-27 20:32:44,508:WARNING:Couldn't import cuml.MBSGDClassifier
2022-02-27 20:32:44,509:WARNING:Couldn't import cuml.svm.SVC
2022-02-27 20:32:44,533:WARNING:Couldn't import cuml.linear_model
2022-02-27 20:32:44,537:WARNING:Couldn't import cuml.ensemble
2022-02-27 20:32:44,541:WARNING:Couldn't import xgboost.XGBClassifier
2022-02-27 20:32:44,545:WARNING:Couldn't import catboost.CatBoostClassifier
2022-02-27 20:32:44,546:WARNING:Couldn't import cuml.linear_model.LogisticRegression
2022-02-27 20:32:44,610:WARNING:Couldn't import cuml.neighbors.KNeighborsClassifier
2022-02-27 20:32:44,611:WARNING:Couldn't import cuml.MBSGDClassifier
2022-02-27 20:32:44,612:WARNING:Couldn't import cuml.svm.SVC
2022-02-27 20:32:44,645:WARNING:Couldn't import cuml.linear_model
2022-02-27 20:32:44,651:WARNING:Couldn't import cuml.ensemble
2022-02-27 20:32:44,653:WARNING:Couldn't import xgboost.XGBClassifier
2022-02-27 20:32:44,656:WARNING:Couldn't import catboost.CatBoostClassifier
2022-02-27 20:32:44,656:INFO:Creating grid variables
2022-02-27 20:32:44,802:INFO:create_model_container: 0
2022-02-27 20:32:44,802:INFO:master_model_container: 0
2022-02-27 20:32:44,802:INFO:display_container: 1
2022-02-27 20:32:44,810:INFO:Pipeline(memory=None,
         steps=[('dtypes',
                 DataTypes_Auto_infer(categorical_features=[],
                                      display_types=True,
                                      features_todrop=['user_id', 'value_90',
                                                       'purchases_90',
                                                       'value_90_bin'],
                                      id_columns=[],
                                      ml_usecase='classification',
                                      numerical_features=[],
                                      target='purchases_90_bool',
                                      time_features=[])),
                ('imputer',
                 Simple_Imputer(categorical_strategy='not_available',
                                fill_v...
                ('dummy', Dummify(target='purchases_90_bool')),
                ('fix_perfect', Remove_100(target='purchases_90_bool')),
                ('clean_names', Clean_Colum_Names()),
                ('feature_select', 'passthrough'), ('fix_multi', 'passthrough'),
                ('dfs', 'passthrough'),
                ('pca',
                 Reduce_Dimensions_For_Supervised_Path(method='pca_liner',
                                                       random_state=3187,
                                                       target='purchases_90_bool',
                                                       variance_retained_or_number_of_components=None))],
         verbose=False)
2022-02-27 20:32:44,810:INFO:setup() succesfully completed......................................
2022-02-27 20:32:44,929:INFO:PyCaret Supervised Module
2022-02-27 20:32:44,930:INFO:ML Usecase: classification
2022-02-27 20:32:44,930:INFO:version 2.3.6
2022-02-27 20:32:44,931:INFO:Initializing setup()
2022-02-27 20:32:44,931:INFO:setup(target=purchases_90_bool, ml_usecase=classification, available_plots={'parameter': 'Hyperparameters', 'auc': 'AUC', 'confusion_matrix': 'Confusion Matrix', 'threshold': 'Threshold', 'pr': 'Precision Recall', 'error': 'Prediction Error', 'class_report': 'Class Report', 'rfe': 'Feature Selection', 'learning': 'Learning Curve', 'manifold': 'Manifold Learning', 'calibration': 'Calibration Curve', 'vc': 'Validation Curve', 'dimension': 'Dimensions', 'feature': 'Feature Importance', 'feature_all': 'Feature Importance (All)', 'boundary': 'Decision Boundary', 'lift': 'Lift Chart', 'gain': 'Gain Chart', 'tree': 'Decision Tree', 'ks': 'KS Statistic Plot'}, train_size=0.7, test_data=None, preprocess=True, imputation_type=simple, iterative_imputation_iters=5, categorical_features=['maildomain'], categorical_imputation=constant, categorical_iterative_imputer=lightgbm, ordinal_features=None, high_cardinality_features=None, high_cardinality_method=frequency, numeric_features=None, numeric_imputation=mean, numeric_iterative_imputer=lightgbm, date_features=None, ignore_features=['user_id', 'value_90', 'purchases_90', 'value_90_bin'], normalize=True, normalize_method=zscore, transformation=False, transformation_method=yeo-johnson, handle_unknown_categorical=True, unknown_categorical_method=least_frequent, pca=True, pca_method=linear, pca_components=None, ignore_low_variance=False, combine_rare_levels=False, rare_level_threshold=0.1, bin_numeric_features=None, remove_outliers=False, outliers_threshold=0.05, remove_multicollinearity=False, multicollinearity_threshold=0.9, remove_perfect_collinearity=True, create_clusters=False, cluster_iter=20, polynomial_features=True, polynomial_degree=2, trigonometry_features=False, polynomial_threshold=0.1, group_features=None, group_names=None, feature_selection=False, feature_selection_threshold=0.8, feature_selection_method=classic, feature_interaction=False, feature_ratio=False, interaction_threshold=0.01, fix_imbalance=False, fix_imbalance_method=None, transform_target=False, transform_target_method=box-cox, data_split_shuffle=True, data_split_stratify=False, fold_strategy=stratifiedkfold, fold=5, fold_shuffle=False, fold_groups=None, n_jobs=-1, use_gpu=True, custom_pipeline=None, html=True, session_id=None, log_experiment=False, experiment_name=None, log_plots=False, log_profile=False, log_data=False, silent=False, verbose=True, profile=False, profile_kwargs=None, display=None)
2022-02-27 20:32:44,931:INFO:Checking environment
2022-02-27 20:32:44,931:INFO:python_version: 3.8.12
2022-02-27 20:32:44,931:INFO:python_build: ('default', 'Oct 12 2021 06:23:56')
2022-02-27 20:32:44,931:INFO:machine: x86_64
2022-02-27 20:32:44,931:INFO:platform: macOS-10.16-x86_64-i386-64bit
2022-02-27 20:32:44,932:WARNING:cannot find psutil installation. memory not traceable. Install psutil using pip to enable memory logging.
2022-02-27 20:32:44,932:INFO:Checking libraries
2022-02-27 20:32:44,932:INFO:pd==1.4.1
2022-02-27 20:32:44,932:INFO:numpy==1.19.5
2022-02-27 20:32:44,932:INFO:sklearn==0.23.2
2022-02-27 20:32:44,933:INFO:lightgbm==3.2.1
2022-02-27 20:32:44,933:WARNING:catboost not found
2022-02-27 20:32:44,933:WARNING:xgboost not found
2022-02-27 20:32:44,933:INFO:mlflow==1.23.1
2022-02-27 20:32:44,934:INFO:Checking Exceptions
2022-02-27 20:32:44,934:INFO:Declaring global variables
2022-02-27 20:32:44,934:INFO:USI: 35de
2022-02-27 20:32:44,934:INFO:pycaret_globals: {'USI', 'fix_imbalance_method_param', 'y_test', 'stratify_param', 'fold_shuffle_param', 'fold_generator', '_gpu_n_jobs_param', 'transform_target_param', 'transform_target_method_param', 'pycaret_globals', 'fold_param', 'log_plots_param', 'fold_groups_param_full', '_internal_pipeline', 'exp_name_log', 'experiment__', '_all_models', 'y', 'iterative_imputation_iters_param', 'target_param', '_all_models_internal', '_available_plots', 'data_before_preprocess', 'X_train', 'X', 'create_model_container', 'prep_pipe', 'gpu_param', 'fold_groups_param', 'seed', 'master_model_container', 'imputation_classifier', 'y_train', 'fix_imbalance_param', '_all_metrics', 'display_container', '_ml_usecase', 'html_param', 'imputation_regressor', 'X_test', 'logging_param', 'n_jobs_param'}
2022-02-27 20:32:44,934:INFO:Preparing display monitor
2022-02-27 20:32:44,934:INFO:Preparing display monitor
2022-02-27 20:32:44,952:INFO:Importing libraries
2022-02-27 20:32:44,953:INFO:Copying data for preprocessing
2022-02-27 20:32:44,978:INFO:Declaring preprocessing parameters
2022-02-27 20:32:44,979:WARNING:cuML not found
2022-02-27 20:32:44,979:WARNING:cuML is outdated or not found. Required version is >=0.15, got 3.2.1
2022-02-27 20:32:45,003:INFO:Creating preprocessing pipeline
2022-02-27 20:32:45,249:INFO:Preprocessing pipeline created successfully
2022-02-27 20:32:45,249:ERROR:(Process Exit): setup has been interupted with user command 'quit'. setup must rerun.
2022-02-27 20:32:45,249:INFO:Creating global containers
2022-02-27 20:32:45,250:INFO:Internal pipeline: Pipeline(memory=None, steps=[('empty_step', 'passthrough')], verbose=False)
2022-02-27 20:33:11,574:WARNING:Couldn't import cuml.linear_model.LogisticRegression
2022-02-27 20:33:11,616:WARNING:Couldn't import cuml.neighbors.KNeighborsClassifier
2022-02-27 20:33:11,617:WARNING:Couldn't import cuml.MBSGDClassifier
2022-02-27 20:33:11,618:WARNING:Couldn't import cuml.svm.SVC
2022-02-27 20:33:11,639:WARNING:Couldn't import cuml.linear_model
2022-02-27 20:33:11,643:WARNING:Couldn't import cuml.ensemble
2022-02-27 20:33:11,652:WARNING:Couldn't import xgboost.XGBClassifier
2022-02-27 20:33:11,656:WARNING:Couldn't import catboost.CatBoostClassifier
2022-02-27 20:33:11,657:WARNING:Couldn't import cuml.linear_model.LogisticRegression
2022-02-27 20:33:11,722:WARNING:Couldn't import cuml.neighbors.KNeighborsClassifier
2022-02-27 20:33:11,722:WARNING:Couldn't import cuml.MBSGDClassifier
2022-02-27 20:33:11,724:WARNING:Couldn't import cuml.svm.SVC
2022-02-27 20:33:11,756:WARNING:Couldn't import cuml.linear_model
2022-02-27 20:33:11,762:WARNING:Couldn't import cuml.ensemble
2022-02-27 20:33:11,764:WARNING:Couldn't import xgboost.XGBClassifier
2022-02-27 20:33:11,767:WARNING:Couldn't import catboost.CatBoostClassifier
2022-02-27 20:33:11,768:INFO:Creating grid variables
2022-02-27 20:33:11,913:INFO:create_model_container: 0
2022-02-27 20:33:11,913:INFO:master_model_container: 0
2022-02-27 20:33:11,913:INFO:display_container: 1
2022-02-27 20:33:11,921:INFO:Pipeline(memory=None,
         steps=[('dtypes',
                 DataTypes_Auto_infer(categorical_features=['maildomain'],
                                      display_types=True,
                                      features_todrop=['user_id', 'value_90',
                                                       'purchases_90',
                                                       'value_90_bin'],
                                      id_columns=[],
                                      ml_usecase='classification',
                                      numerical_features=[],
                                      target='purchases_90_bool',
                                      time_features=[])),
                ('imputer',
                 Simple_Imputer(categorical_strategy='not_avail...
                ('dummy', Dummify(target='purchases_90_bool')),
                ('fix_perfect', Remove_100(target='purchases_90_bool')),
                ('clean_names', Clean_Colum_Names()),
                ('feature_select', 'passthrough'), ('fix_multi', 'passthrough'),
                ('dfs', 'passthrough'),
                ('pca',
                 Reduce_Dimensions_For_Supervised_Path(method='pca_liner',
                                                       random_state=3740,
                                                       target='purchases_90_bool',
                                                       variance_retained_or_number_of_components=None))],
         verbose=False)
2022-02-27 20:33:11,921:INFO:setup() succesfully completed......................................
2022-02-27 20:33:12,062:INFO:PyCaret Supervised Module
2022-02-27 20:33:12,063:INFO:ML Usecase: classification
2022-02-27 20:33:12,064:INFO:version 2.3.6
2022-02-27 20:33:12,064:INFO:Initializing setup()
2022-02-27 20:33:12,064:INFO:setup(target=purchases_90_bool, ml_usecase=classification, available_plots={'parameter': 'Hyperparameters', 'auc': 'AUC', 'confusion_matrix': 'Confusion Matrix', 'threshold': 'Threshold', 'pr': 'Precision Recall', 'error': 'Prediction Error', 'class_report': 'Class Report', 'rfe': 'Feature Selection', 'learning': 'Learning Curve', 'manifold': 'Manifold Learning', 'calibration': 'Calibration Curve', 'vc': 'Validation Curve', 'dimension': 'Dimensions', 'feature': 'Feature Importance', 'feature_all': 'Feature Importance (All)', 'boundary': 'Decision Boundary', 'lift': 'Lift Chart', 'gain': 'Gain Chart', 'tree': 'Decision Tree', 'ks': 'KS Statistic Plot'}, train_size=0.7, test_data=None, preprocess=True, imputation_type=simple, iterative_imputation_iters=5, categorical_features=['maildomain', 'region', 'orig_1'], categorical_imputation=constant, categorical_iterative_imputer=lightgbm, ordinal_features=None, high_cardinality_features=None, high_cardinality_method=frequency, numeric_features=None, numeric_imputation=mean, numeric_iterative_imputer=lightgbm, date_features=None, ignore_features=['user_id', 'value_90', 'purchases_90', 'value_90_bin'], normalize=True, normalize_method=zscore, transformation=False, transformation_method=yeo-johnson, handle_unknown_categorical=True, unknown_categorical_method=least_frequent, pca=True, pca_method=linear, pca_components=None, ignore_low_variance=False, combine_rare_levels=False, rare_level_threshold=0.1, bin_numeric_features=None, remove_outliers=False, outliers_threshold=0.05, remove_multicollinearity=False, multicollinearity_threshold=0.9, remove_perfect_collinearity=True, create_clusters=False, cluster_iter=20, polynomial_features=True, polynomial_degree=2, trigonometry_features=False, polynomial_threshold=0.1, group_features=None, group_names=None, feature_selection=False, feature_selection_threshold=0.8, feature_selection_method=classic, feature_interaction=False, feature_ratio=False, interaction_threshold=0.01, fix_imbalance=False, fix_imbalance_method=None, transform_target=False, transform_target_method=box-cox, data_split_shuffle=True, data_split_stratify=False, fold_strategy=stratifiedkfold, fold=5, fold_shuffle=False, fold_groups=None, n_jobs=-1, use_gpu=True, custom_pipeline=None, html=True, session_id=None, log_experiment=False, experiment_name=None, log_plots=False, log_profile=False, log_data=False, silent=False, verbose=True, profile=False, profile_kwargs=None, display=None)
2022-02-27 20:33:12,064:INFO:Checking environment
2022-02-27 20:33:12,064:INFO:python_version: 3.8.12
2022-02-27 20:33:12,064:INFO:python_build: ('default', 'Oct 12 2021 06:23:56')
2022-02-27 20:33:12,064:INFO:machine: x86_64
2022-02-27 20:33:12,064:INFO:platform: macOS-10.16-x86_64-i386-64bit
2022-02-27 20:33:12,065:WARNING:cannot find psutil installation. memory not traceable. Install psutil using pip to enable memory logging.
2022-02-27 20:33:12,065:INFO:Checking libraries
2022-02-27 20:33:12,066:INFO:pd==1.4.1
2022-02-27 20:33:12,066:INFO:numpy==1.19.5
2022-02-27 20:33:12,066:INFO:sklearn==0.23.2
2022-02-27 20:33:12,066:INFO:lightgbm==3.2.1
2022-02-27 20:33:12,066:WARNING:catboost not found
2022-02-27 20:33:12,066:WARNING:xgboost not found
2022-02-27 20:33:12,066:INFO:mlflow==1.23.1
2022-02-27 20:33:12,066:INFO:Checking Exceptions
2022-02-27 20:33:12,067:INFO:Declaring global variables
2022-02-27 20:33:12,067:INFO:USI: d0b2
2022-02-27 20:33:12,067:INFO:pycaret_globals: {'USI', 'fix_imbalance_method_param', 'y_test', 'stratify_param', 'fold_shuffle_param', 'fold_generator', '_gpu_n_jobs_param', 'transform_target_param', 'transform_target_method_param', 'pycaret_globals', 'fold_param', 'log_plots_param', 'fold_groups_param_full', '_internal_pipeline', 'exp_name_log', 'experiment__', '_all_models', 'y', 'iterative_imputation_iters_param', 'target_param', '_all_models_internal', '_available_plots', 'data_before_preprocess', 'X_train', 'X', 'create_model_container', 'prep_pipe', 'gpu_param', 'fold_groups_param', 'seed', 'master_model_container', 'imputation_classifier', 'y_train', 'fix_imbalance_param', '_all_metrics', 'display_container', '_ml_usecase', 'html_param', 'imputation_regressor', 'X_test', 'logging_param', 'n_jobs_param'}
2022-02-27 20:33:12,067:INFO:Preparing display monitor
2022-02-27 20:33:12,067:INFO:Preparing display monitor
2022-02-27 20:33:12,081:INFO:Importing libraries
2022-02-27 20:33:12,081:INFO:Copying data for preprocessing
2022-02-27 20:33:12,098:INFO:Declaring preprocessing parameters
2022-02-27 20:33:12,099:WARNING:cuML not found
2022-02-27 20:33:12,099:WARNING:cuML is outdated or not found. Required version is >=0.15, got 3.2.1
2022-02-27 20:33:12,118:INFO:Creating preprocessing pipeline
2022-02-27 20:33:12,373:INFO:Preprocessing pipeline created successfully
2022-02-27 20:33:12,373:ERROR:(Process Exit): setup has been interupted with user command 'quit'. setup must rerun.
2022-02-27 20:33:12,373:INFO:Creating global containers
2022-02-27 20:33:12,373:INFO:Internal pipeline: Pipeline(memory=None, steps=[('empty_step', 'passthrough')], verbose=False)
2022-02-27 20:34:12,138:WARNING:Couldn't import cuml.linear_model.LogisticRegression
2022-02-27 20:34:12,180:WARNING:Couldn't import cuml.neighbors.KNeighborsClassifier
2022-02-27 20:34:12,181:WARNING:Couldn't import cuml.MBSGDClassifier
2022-02-27 20:34:12,182:WARNING:Couldn't import cuml.svm.SVC
2022-02-27 20:34:12,203:WARNING:Couldn't import cuml.linear_model
2022-02-27 20:34:12,207:WARNING:Couldn't import cuml.ensemble
2022-02-27 20:34:12,218:WARNING:Couldn't import xgboost.XGBClassifier
2022-02-27 20:34:12,221:WARNING:Couldn't import catboost.CatBoostClassifier
2022-02-27 20:34:12,222:WARNING:Couldn't import cuml.linear_model.LogisticRegression
2022-02-27 20:34:12,287:WARNING:Couldn't import cuml.neighbors.KNeighborsClassifier
2022-02-27 20:34:12,287:WARNING:Couldn't import cuml.MBSGDClassifier
2022-02-27 20:34:12,289:WARNING:Couldn't import cuml.svm.SVC
2022-02-27 20:34:12,321:WARNING:Couldn't import cuml.linear_model
2022-02-27 20:34:12,327:WARNING:Couldn't import cuml.ensemble
2022-02-27 20:34:12,328:WARNING:Couldn't import xgboost.XGBClassifier
2022-02-27 20:34:12,332:WARNING:Couldn't import catboost.CatBoostClassifier
2022-02-27 20:34:12,332:INFO:Creating grid variables
2022-02-27 20:34:12,478:INFO:create_model_container: 0
2022-02-27 20:34:12,478:INFO:master_model_container: 0
2022-02-27 20:34:12,478:INFO:display_container: 1
2022-02-27 20:34:12,486:INFO:Pipeline(memory=None,
         steps=[('dtypes',
                 DataTypes_Auto_infer(categorical_features=['maildomain',
                                                            'region',
                                                            'orig_1'],
                                      display_types=True,
                                      features_todrop=['user_id', 'value_90',
                                                       'purchases_90',
                                                       'value_90_bin'],
                                      id_columns=[],
                                      ml_usecase='classification',
                                      numerical_features=[],
                                      target='purchases_90_bool',
                                      time_features=[])),
                ('imputer',
                 Simple_Imputer(categorical_s...
                ('dummy', Dummify(target='purchases_90_bool')),
                ('fix_perfect', Remove_100(target='purchases_90_bool')),
                ('clean_names', Clean_Colum_Names()),
                ('feature_select', 'passthrough'), ('fix_multi', 'passthrough'),
                ('dfs', 'passthrough'),
                ('pca',
                 Reduce_Dimensions_For_Supervised_Path(method='pca_liner',
                                                       random_state=2413,
                                                       target='purchases_90_bool',
                                                       variance_retained_or_number_of_components=None))],
         verbose=False)
2022-02-27 20:34:12,486:INFO:setup() succesfully completed......................................
2022-02-27 20:34:12,626:INFO:PyCaret Supervised Module
2022-02-27 20:34:12,626:INFO:ML Usecase: classification
2022-02-27 20:34:12,626:INFO:version 2.3.6
2022-02-27 20:34:12,627:INFO:Initializing setup()
2022-02-27 20:34:12,627:INFO:setup(target=purchases_90_bool, ml_usecase=classification, available_plots={'parameter': 'Hyperparameters', 'auc': 'AUC', 'confusion_matrix': 'Confusion Matrix', 'threshold': 'Threshold', 'pr': 'Precision Recall', 'error': 'Prediction Error', 'class_report': 'Class Report', 'rfe': 'Feature Selection', 'learning': 'Learning Curve', 'manifold': 'Manifold Learning', 'calibration': 'Calibration Curve', 'vc': 'Validation Curve', 'dimension': 'Dimensions', 'feature': 'Feature Importance', 'feature_all': 'Feature Importance (All)', 'boundary': 'Decision Boundary', 'lift': 'Lift Chart', 'gain': 'Gain Chart', 'tree': 'Decision Tree', 'ks': 'KS Statistic Plot'}, train_size=0.7, test_data=None, preprocess=True, imputation_type=simple, iterative_imputation_iters=5, categorical_features=['maildomain', 'region', 'orig_1', 'orig_2', 'utm_src', 'utm_med', 'utm_cpg', 'channel'], categorical_imputation=constant, categorical_iterative_imputer=lightgbm, ordinal_features=None, high_cardinality_features=None, high_cardinality_method=frequency, numeric_features=None, numeric_imputation=mean, numeric_iterative_imputer=lightgbm, date_features=None, ignore_features=['user_id', 'value_90', 'purchases_90', 'value_90_bin'], normalize=True, normalize_method=zscore, transformation=False, transformation_method=yeo-johnson, handle_unknown_categorical=True, unknown_categorical_method=least_frequent, pca=True, pca_method=linear, pca_components=None, ignore_low_variance=False, combine_rare_levels=False, rare_level_threshold=0.1, bin_numeric_features=None, remove_outliers=False, outliers_threshold=0.05, remove_multicollinearity=False, multicollinearity_threshold=0.9, remove_perfect_collinearity=True, create_clusters=False, cluster_iter=20, polynomial_features=True, polynomial_degree=2, trigonometry_features=False, polynomial_threshold=0.1, group_features=None, group_names=None, feature_selection=False, feature_selection_threshold=0.8, feature_selection_method=classic, feature_interaction=False, feature_ratio=False, interaction_threshold=0.01, fix_imbalance=False, fix_imbalance_method=None, transform_target=False, transform_target_method=box-cox, data_split_shuffle=True, data_split_stratify=False, fold_strategy=stratifiedkfold, fold=5, fold_shuffle=False, fold_groups=None, n_jobs=-1, use_gpu=True, custom_pipeline=None, html=True, session_id=None, log_experiment=False, experiment_name=None, log_plots=False, log_profile=False, log_data=False, silent=False, verbose=True, profile=False, profile_kwargs=None, display=None)
2022-02-27 20:34:12,627:INFO:Checking environment
2022-02-27 20:34:12,627:INFO:python_version: 3.8.12
2022-02-27 20:34:12,627:INFO:python_build: ('default', 'Oct 12 2021 06:23:56')
2022-02-27 20:34:12,627:INFO:machine: x86_64
2022-02-27 20:34:12,627:INFO:platform: macOS-10.16-x86_64-i386-64bit
2022-02-27 20:34:12,629:WARNING:cannot find psutil installation. memory not traceable. Install psutil using pip to enable memory logging.
2022-02-27 20:34:12,629:INFO:Checking libraries
2022-02-27 20:34:12,630:INFO:pd==1.4.1
2022-02-27 20:34:12,630:INFO:numpy==1.19.5
2022-02-27 20:34:12,630:INFO:sklearn==0.23.2
2022-02-27 20:34:12,630:INFO:lightgbm==3.2.1
2022-02-27 20:34:12,630:WARNING:catboost not found
2022-02-27 20:34:12,630:WARNING:xgboost not found
2022-02-27 20:34:12,630:INFO:mlflow==1.23.1
2022-02-27 20:34:12,630:INFO:Checking Exceptions
2022-02-27 20:34:12,631:INFO:Declaring global variables
2022-02-27 20:34:12,631:INFO:USI: fc71
2022-02-27 20:34:12,631:INFO:pycaret_globals: {'USI', 'fix_imbalance_method_param', 'y_test', 'stratify_param', 'fold_shuffle_param', 'fold_generator', '_gpu_n_jobs_param', 'transform_target_param', 'transform_target_method_param', 'pycaret_globals', 'fold_param', 'log_plots_param', 'fold_groups_param_full', '_internal_pipeline', 'exp_name_log', 'experiment__', '_all_models', 'y', 'iterative_imputation_iters_param', 'target_param', '_all_models_internal', '_available_plots', 'data_before_preprocess', 'X_train', 'X', 'create_model_container', 'prep_pipe', 'gpu_param', 'fold_groups_param', 'seed', 'master_model_container', 'imputation_classifier', 'y_train', 'fix_imbalance_param', '_all_metrics', 'display_container', '_ml_usecase', 'html_param', 'imputation_regressor', 'X_test', 'logging_param', 'n_jobs_param'}
2022-02-27 20:34:12,631:INFO:Preparing display monitor
2022-02-27 20:34:12,631:INFO:Preparing display monitor
2022-02-27 20:34:12,649:INFO:Importing libraries
2022-02-27 20:34:12,650:INFO:Copying data for preprocessing
2022-02-27 20:34:12,678:INFO:Declaring preprocessing parameters
2022-02-27 20:34:12,679:WARNING:cuML not found
2022-02-27 20:34:12,679:WARNING:cuML is outdated or not found. Required version is >=0.15, got 3.2.1
2022-02-27 20:34:12,703:INFO:Creating preprocessing pipeline
2022-02-27 20:34:12,965:INFO:Preprocessing pipeline created successfully
2022-02-27 20:34:12,965:ERROR:(Process Exit): setup has been interupted with user command 'quit'. setup must rerun.
2022-02-27 20:34:12,965:INFO:Creating global containers
2022-02-27 20:34:12,965:INFO:Internal pipeline: Pipeline(memory=None, steps=[('empty_step', 'passthrough')], verbose=False)
2022-02-27 20:36:03,250:WARNING:Couldn't import cuml.linear_model.LogisticRegression
2022-02-27 20:36:03,294:WARNING:Couldn't import cuml.neighbors.KNeighborsClassifier
2022-02-27 20:36:03,294:WARNING:Couldn't import cuml.MBSGDClassifier
2022-02-27 20:36:03,295:WARNING:Couldn't import cuml.svm.SVC
2022-02-27 20:36:03,316:WARNING:Couldn't import cuml.linear_model
2022-02-27 20:36:03,321:WARNING:Couldn't import cuml.ensemble
2022-02-27 20:36:03,322:WARNING:Couldn't import xgboost.XGBClassifier
2022-02-27 20:36:03,404:WARNING:Couldn't import catboost.CatBoostClassifier
2022-02-27 20:36:03,405:WARNING:Couldn't import cuml.linear_model.LogisticRegression
2022-02-27 20:36:03,465:WARNING:Couldn't import cuml.neighbors.KNeighborsClassifier
2022-02-27 20:36:03,465:WARNING:Couldn't import cuml.MBSGDClassifier
2022-02-27 20:36:03,466:WARNING:Couldn't import cuml.svm.SVC
2022-02-27 20:36:03,497:WARNING:Couldn't import cuml.linear_model
2022-02-27 20:36:03,503:WARNING:Couldn't import cuml.ensemble
2022-02-27 20:36:03,505:WARNING:Couldn't import xgboost.XGBClassifier
2022-02-27 20:36:03,509:WARNING:Couldn't import catboost.CatBoostClassifier
2022-02-27 20:36:03,509:INFO:Creating grid variables
2022-02-27 20:36:03,656:INFO:create_model_container: 0
2022-02-27 20:36:03,656:INFO:master_model_container: 0
2022-02-27 20:36:03,657:INFO:display_container: 1
2022-02-27 20:36:03,665:INFO:Pipeline(memory=None,
         steps=[('dtypes',
                 DataTypes_Auto_infer(categorical_features=['maildomain',
                                                            'region', 'orig_1',
                                                            'orig_2', 'utm_src',
                                                            'utm_med',
                                                            'utm_cpg',
                                                            'channel'],
                                      display_types=True,
                                      features_todrop=['user_id', 'value_90',
                                                       'purchases_90',
                                                       'value_90_bin'],
                                      id_columns=[],
                                      ml_usecase='classification',
                                      numerical_features=[],
                                      target='purchases_90_bool',
                                      time_feat...
                ('dummy', Dummify(target='purchases_90_bool')),
                ('fix_perfect', Remove_100(target='purchases_90_bool')),
                ('clean_names', Clean_Colum_Names()),
                ('feature_select', 'passthrough'), ('fix_multi', 'passthrough'),
                ('dfs', 'passthrough'),
                ('pca',
                 Reduce_Dimensions_For_Supervised_Path(method='pca_liner',
                                                       random_state=5269,
                                                       target='purchases_90_bool',
                                                       variance_retained_or_number_of_components=None))],
         verbose=False)
2022-02-27 20:36:03,665:INFO:setup() succesfully completed......................................
2022-02-27 20:36:03,883:INFO:Initializing create_model()
2022-02-27 20:36:03,883:INFO:create_model(estimator=lda, fold=None, round=4, cross_validation=True, predict=True, fit_kwargs=None, groups=None, refit=True, verbose=True, system=True, metrics=None, add_to_model_list=True, probability_threshold=None, display=None, kwargs={})
2022-02-27 20:36:03,883:INFO:Checking exceptions
2022-02-27 20:36:03,884:INFO:Preparing display monitor
2022-02-27 20:36:03,904:INFO:Importing libraries
2022-02-27 20:36:03,904:INFO:Copying training dataset
2022-02-27 20:36:03,931:INFO:Defining folds
2022-02-27 20:36:03,931:INFO:Declaring metric variables
2022-02-27 20:36:03,938:INFO:Importing untrained model
2022-02-27 20:36:03,944:INFO:Linear Discriminant Analysis Imported succesfully
2022-02-27 20:36:03,957:INFO:Starting cross validation
2022-02-27 20:36:03,957:INFO:Cross validating with StratifiedKFold(n_splits=5, random_state=None, shuffle=False), n_jobs=1
2022-02-27 20:36:12,461:INFO:Calculating mean and std
2022-02-27 20:36:12,462:INFO:Creating metrics dataframe
2022-02-27 20:36:12,508:INFO:Finalizing model
2022-02-27 20:36:14,570:INFO:Uploading results into container
2022-02-27 20:36:14,571:INFO:Uploading model into container now
2022-02-27 20:36:14,579:INFO:create_model_container: 1
2022-02-27 20:36:14,579:INFO:master_model_container: 1
2022-02-27 20:36:14,579:INFO:display_container: 2
2022-02-27 20:36:14,579:INFO:LinearDiscriminantAnalysis(n_components=None, priors=None, shrinkage=None,
                           solver='svd', store_covariance=False, tol=0.0001)
2022-02-27 20:36:14,580:INFO:create_model() succesfully completed......................................
2022-02-27 20:39:00,444:INFO:Initializing save_model()
2022-02-27 20:39:00,444:INFO:save_model(model=LinearDiscriminantAnalysis(n_components=None, priors=None, shrinkage=None,
                           solver='svd', store_covariance=False, tol=0.0001), model_name=dt_pipeline, prep_pipe_=Pipeline(memory=None,
         steps=[('dtypes',
                 DataTypes_Auto_infer(categorical_features=['maildomain',
                                                            'region', 'orig_1',
                                                            'orig_2', 'utm_src',
                                                            'utm_med',
                                                            'utm_cpg',
                                                            'channel'],
                                      display_types=True,
                                      features_todrop=['user_id', 'value_90',
                                                       'purchases_90',
                                                       'value_90_bin'],
                                      id_columns=[],
                                      ml_usecase='classification',
                                      numerical_features=[],
                                      target='purchases_90_bool',
                                      time_feat...
                ('dummy', Dummify(target='purchases_90_bool')),
                ('fix_perfect', Remove_100(target='purchases_90_bool')),
                ('clean_names', Clean_Colum_Names()),
                ('feature_select', 'passthrough'), ('fix_multi', 'passthrough'),
                ('dfs', 'passthrough'),
                ('pca',
                 Reduce_Dimensions_For_Supervised_Path(method='pca_liner',
                                                       random_state=5269,
                                                       target='purchases_90_bool',
                                                       variance_retained_or_number_of_components=None))],
         verbose=False), verbose=True, kwargs={})
2022-02-27 20:39:00,444:INFO:Adding model into prep_pipe
2022-02-27 20:39:00,495:INFO:dt_pipeline.pkl saved in current working directory
2022-02-27 20:39:00,503:INFO:Pipeline(memory=None,
         steps=[('dtypes',
                 DataTypes_Auto_infer(categorical_features=['maildomain',
                                                            'region', 'orig_1',
                                                            'orig_2', 'utm_src',
                                                            'utm_med',
                                                            'utm_cpg',
                                                            'channel'],
                                      display_types=True,
                                      features_todrop=['user_id', 'value_90',
                                                       'purchases_90',
                                                       'value_90_bin'],
                                      id_columns=[],
                                      ml_usecase='classification',
                                      numerical_features=[],
                                      target='purchases_90_bool',
                                      time_feat...
                ('feature_select', 'passthrough'), ('fix_multi', 'passthrough'),
                ('dfs', 'passthrough'),
                ('pca',
                 Reduce_Dimensions_For_Supervised_Path(method='pca_liner',
                                                       random_state=5269,
                                                       target='purchases_90_bool',
                                                       variance_retained_or_number_of_components=None)),
                ['trained_model',
                 LinearDiscriminantAnalysis(n_components=None, priors=None,
                                            shrinkage=None, solver='svd',
                                            store_covariance=False,
                                            tol=0.0001)]],
         verbose=False)
2022-02-27 20:39:00,504:INFO:save_model() successfully completed......................................
2022-02-27 20:41:16,003:INFO:Initializing save_model()
2022-02-27 20:41:16,003:INFO:save_model(model=LinearDiscriminantAnalysis(n_components=None, priors=None, shrinkage=None,
                           solver='svd', store_covariance=False, tol=0.0001), model_name=model_v1, prep_pipe_=Pipeline(memory=None,
         steps=[('dtypes',
                 DataTypes_Auto_infer(categorical_features=['maildomain',
                                                            'region', 'orig_1',
                                                            'orig_2', 'utm_src',
                                                            'utm_med',
                                                            'utm_cpg',
                                                            'channel'],
                                      display_types=True,
                                      features_todrop=['user_id', 'value_90',
                                                       'purchases_90',
                                                       'value_90_bin'],
                                      id_columns=[],
                                      ml_usecase='classification',
                                      numerical_features=[],
                                      target='purchases_90_bool',
                                      time_feat...
                ('dummy', Dummify(target='purchases_90_bool')),
                ('fix_perfect', Remove_100(target='purchases_90_bool')),
                ('clean_names', Clean_Colum_Names()),
                ('feature_select', 'passthrough'), ('fix_multi', 'passthrough'),
                ('dfs', 'passthrough'),
                ('pca',
                 Reduce_Dimensions_For_Supervised_Path(method='pca_liner',
                                                       random_state=5269,
                                                       target='purchases_90_bool',
                                                       variance_retained_or_number_of_components=None))],
         verbose=False), verbose=True, kwargs={})
2022-02-27 20:41:16,003:INFO:Adding model into prep_pipe
2022-02-27 20:41:16,037:INFO:model_v1.pkl saved in current working directory
2022-02-27 20:41:16,045:INFO:Pipeline(memory=None,
         steps=[('dtypes',
                 DataTypes_Auto_infer(categorical_features=['maildomain',
                                                            'region', 'orig_1',
                                                            'orig_2', 'utm_src',
                                                            'utm_med',
                                                            'utm_cpg',
                                                            'channel'],
                                      display_types=True,
                                      features_todrop=['user_id', 'value_90',
                                                       'purchases_90',
                                                       'value_90_bin'],
                                      id_columns=[],
                                      ml_usecase='classification',
                                      numerical_features=[],
                                      target='purchases_90_bool',
                                      time_feat...
                ('feature_select', 'passthrough'), ('fix_multi', 'passthrough'),
                ('dfs', 'passthrough'),
                ('pca',
                 Reduce_Dimensions_For_Supervised_Path(method='pca_liner',
                                                       random_state=5269,
                                                       target='purchases_90_bool',
                                                       variance_retained_or_number_of_components=None)),
                ['trained_model',
                 LinearDiscriminantAnalysis(n_components=None, priors=None,
                                            shrinkage=None, solver='svd',
                                            store_covariance=False,
                                            tol=0.0001)]],
         verbose=False)
2022-02-27 20:41:16,045:INFO:save_model() successfully completed......................................
2022-02-27 21:05:58,770:INFO:Initializing load_model()
2022-02-27 21:05:58,771:INFO:load_model(model_name=modelmodel_v1.pkl, platform=None, authentication=None, verbose=True)
2022-02-27 21:06:26,240:INFO:Initializing load_model()
2022-02-27 21:06:26,240:INFO:load_model(model_name=model/model_v1.pkl, platform=None, authentication=None, verbose=True)
2022-02-27 21:06:39,180:INFO:Initializing load_model()
2022-02-27 21:06:39,181:INFO:load_model(model_name=model/model_v1, platform=None, authentication=None, verbose=True)
2022-02-27 21:06:44,978:INFO:Initializing load_model()
2022-02-27 21:06:44,978:INFO:load_model(model_name=model/model_v1, platform=None, authentication=None, verbose=True)
2022-02-27 21:07:30,758:INFO:Initializing load_model()
2022-02-27 21:07:30,758:INFO:load_model(model_name=model/model_v1, platform=None, authentication=None, verbose=True)
2022-02-27 21:09:11,247:INFO:PyCaret Supervised Module
2022-02-27 21:09:11,248:INFO:ML Usecase: classification
2022-02-27 21:09:11,248:INFO:version 2.3.6
2022-02-27 21:09:11,248:INFO:Initializing setup()
2022-02-27 21:09:11,248:INFO:setup(target=purchases_90_bool, ml_usecase=classification, available_plots={'parameter': 'Hyperparameters', 'auc': 'AUC', 'confusion_matrix': 'Confusion Matrix', 'threshold': 'Threshold', 'pr': 'Precision Recall', 'error': 'Prediction Error', 'class_report': 'Class Report', 'rfe': 'Feature Selection', 'learning': 'Learning Curve', 'manifold': 'Manifold Learning', 'calibration': 'Calibration Curve', 'vc': 'Validation Curve', 'dimension': 'Dimensions', 'feature': 'Feature Importance', 'feature_all': 'Feature Importance (All)', 'boundary': 'Decision Boundary', 'lift': 'Lift Chart', 'gain': 'Gain Chart', 'tree': 'Decision Tree', 'ks': 'KS Statistic Plot'}, train_size=0.7, test_data=None, preprocess=True, imputation_type=simple, iterative_imputation_iters=5, categorical_features=['maildomain', 'region', 'orig_1', 'orig_2', 'utm_src', 'utm_med', 'utm_cpg', 'channel'], categorical_imputation=constant, categorical_iterative_imputer=lightgbm, ordinal_features=None, high_cardinality_features=None, high_cardinality_method=frequency, numeric_features=None, numeric_imputation=mean, numeric_iterative_imputer=lightgbm, date_features=None, ignore_features=['user_id', 'value_90', 'purchases_90', 'value_90_bin'], normalize=True, normalize_method=zscore, transformation=False, transformation_method=yeo-johnson, handle_unknown_categorical=True, unknown_categorical_method=least_frequent, pca=True, pca_method=linear, pca_components=None, ignore_low_variance=False, combine_rare_levels=False, rare_level_threshold=0.1, bin_numeric_features=None, remove_outliers=False, outliers_threshold=0.05, remove_multicollinearity=False, multicollinearity_threshold=0.9, remove_perfect_collinearity=True, create_clusters=False, cluster_iter=20, polynomial_features=True, polynomial_degree=2, trigonometry_features=False, polynomial_threshold=0.1, group_features=None, group_names=None, feature_selection=False, feature_selection_threshold=0.8, feature_selection_method=classic, feature_interaction=False, feature_ratio=False, interaction_threshold=0.01, fix_imbalance=False, fix_imbalance_method=None, transform_target=False, transform_target_method=box-cox, data_split_shuffle=True, data_split_stratify=False, fold_strategy=stratifiedkfold, fold=5, fold_shuffle=False, fold_groups=None, n_jobs=-1, use_gpu=True, custom_pipeline=None, html=True, session_id=None, log_experiment=False, experiment_name=None, log_plots=False, log_profile=False, log_data=False, silent=False, verbose=True, profile=False, profile_kwargs=None, display=None)
2022-02-27 21:09:11,248:INFO:Checking environment
2022-02-27 21:09:11,248:INFO:python_version: 3.8.12
2022-02-27 21:09:11,248:INFO:python_build: ('default', 'Oct 12 2021 06:23:56')
2022-02-27 21:09:11,248:INFO:machine: x86_64
2022-02-27 21:09:11,248:INFO:platform: macOS-10.16-x86_64-i386-64bit
2022-02-27 21:09:11,250:WARNING:cannot find psutil installation. memory not traceable. Install psutil using pip to enable memory logging.
2022-02-27 21:09:11,250:INFO:Checking libraries
2022-02-27 21:09:11,250:INFO:pd==1.4.1
2022-02-27 21:09:11,250:INFO:numpy==1.19.5
2022-02-27 21:09:11,250:INFO:sklearn==0.23.2
2022-02-27 21:09:11,251:INFO:lightgbm==3.2.1
2022-02-27 21:09:11,251:WARNING:catboost not found
2022-02-27 21:09:11,251:WARNING:xgboost not found
2022-02-27 21:09:11,683:INFO:mlflow==1.23.1
2022-02-27 21:09:11,684:INFO:Checking Exceptions
2022-02-27 21:09:11,684:INFO:Declaring global variables
2022-02-27 21:09:11,684:INFO:USI: a3f3
2022-02-27 21:09:11,685:INFO:pycaret_globals: {'transform_target_method_param', '_all_models', 'log_plots_param', 'display_container', '_ml_usecase', 'seed', 'create_model_container', 'fix_imbalance_method_param', 'fix_imbalance_param', 'transform_target_param', '_all_metrics', 'imputation_classifier', 'experiment__', 'gpu_param', 'iterative_imputation_iters_param', '_all_models_internal', '_gpu_n_jobs_param', 'logging_param', '_internal_pipeline', 'data_before_preprocess', 'fold_generator', 'fold_groups_param', 'pycaret_globals', 'fold_shuffle_param', 'imputation_regressor', 'html_param', 'y_train', 'y_test', 'fold_param', 'USI', 'n_jobs_param', 'y', 'X', 'fold_groups_param_full', 'master_model_container', 'X_train', 'stratify_param', 'target_param', 'X_test', 'exp_name_log', '_available_plots', 'prep_pipe'}
2022-02-27 21:09:11,685:INFO:Preparing display monitor
2022-02-27 21:09:11,685:INFO:Preparing display monitor
2022-02-27 21:09:11,696:INFO:Importing libraries
2022-02-27 21:09:11,696:INFO:Copying data for preprocessing
2022-02-27 21:09:11,727:INFO:Declaring preprocessing parameters
2022-02-27 21:09:11,728:WARNING:cuML not found
2022-02-27 21:09:11,728:WARNING:cuML is outdated or not found. Required version is >=0.15, got 3.2.1
2022-02-27 21:09:11,750:INFO:Creating preprocessing pipeline
2022-02-27 21:09:11,990:INFO:Preprocessing pipeline created successfully
2022-02-27 21:09:11,991:ERROR:(Process Exit): setup has been interupted with user command 'quit'. setup must rerun.
2022-02-27 21:09:11,991:INFO:Creating global containers
2022-02-27 21:09:11,992:INFO:Internal pipeline: Pipeline(memory=None, steps=[('empty_step', 'passthrough')], verbose=False)
2022-02-27 21:10:43,352:WARNING:Couldn't import cuml.linear_model.LogisticRegression
2022-02-27 21:10:43,393:WARNING:Couldn't import cuml.neighbors.KNeighborsClassifier
2022-02-27 21:10:43,479:WARNING:Couldn't import cuml.MBSGDClassifier
2022-02-27 21:10:43,480:WARNING:Couldn't import cuml.svm.SVC
2022-02-27 21:10:43,513:WARNING:Couldn't import cuml.linear_model
2022-02-27 21:10:43,522:WARNING:Couldn't import cuml.ensemble
2022-02-27 21:10:43,538:WARNING:Couldn't import xgboost.XGBClassifier
2022-02-27 21:10:43,547:WARNING:Couldn't import catboost.CatBoostClassifier
2022-02-27 21:10:43,548:WARNING:Couldn't import cuml.linear_model.LogisticRegression
2022-02-27 21:10:43,613:WARNING:Couldn't import cuml.neighbors.KNeighborsClassifier
2022-02-27 21:10:43,613:WARNING:Couldn't import cuml.MBSGDClassifier
2022-02-27 21:10:43,614:WARNING:Couldn't import cuml.svm.SVC
2022-02-27 21:10:43,644:WARNING:Couldn't import cuml.linear_model
2022-02-27 21:10:43,651:WARNING:Couldn't import cuml.ensemble
2022-02-27 21:10:43,653:WARNING:Couldn't import xgboost.XGBClassifier
2022-02-27 21:10:43,657:WARNING:Couldn't import catboost.CatBoostClassifier
2022-02-27 21:10:43,657:INFO:Creating grid variables
2022-02-27 21:10:43,803:INFO:create_model_container: 0
2022-02-27 21:10:43,804:INFO:master_model_container: 0
2022-02-27 21:10:43,804:INFO:display_container: 1
2022-02-27 21:10:43,813:INFO:Pipeline(memory=None,
         steps=[('dtypes',
                 DataTypes_Auto_infer(categorical_features=['maildomain',
                                                            'region', 'orig_1',
                                                            'orig_2', 'utm_src',
                                                            'utm_med',
                                                            'utm_cpg',
                                                            'channel'],
                                      display_types=True,
                                      features_todrop=['user_id', 'value_90',
                                                       'purchases_90',
                                                       'value_90_bin'],
                                      id_columns=[],
                                      ml_usecase='classification',
                                      numerical_features=[],
                                      target='purchases_90_bool',
                                      time_feat...
                ('dummy', Dummify(target='purchases_90_bool')),
                ('fix_perfect', Remove_100(target='purchases_90_bool')),
                ('clean_names', Clean_Colum_Names()),
                ('feature_select', 'passthrough'), ('fix_multi', 'passthrough'),
                ('dfs', 'passthrough'),
                ('pca',
                 Reduce_Dimensions_For_Supervised_Path(method='pca_liner',
                                                       random_state=6415,
                                                       target='purchases_90_bool',
                                                       variance_retained_or_number_of_components=None))],
         verbose=False)
2022-02-27 21:10:43,813:INFO:setup() succesfully completed......................................
2022-02-27 21:10:43,995:INFO:Initializing create_model()
2022-02-27 21:10:43,996:INFO:create_model(estimator=lda, fold=None, round=4, cross_validation=True, predict=True, fit_kwargs=None, groups=None, refit=True, verbose=True, system=True, metrics=None, add_to_model_list=True, probability_threshold=None, display=None, kwargs={})
2022-02-27 21:10:43,996:INFO:Checking exceptions
2022-02-27 21:10:43,996:INFO:Preparing display monitor
2022-02-27 21:10:44,014:INFO:Importing libraries
2022-02-27 21:10:44,014:INFO:Copying training dataset
2022-02-27 21:10:44,023:INFO:Defining folds
2022-02-27 21:10:44,023:INFO:Declaring metric variables
2022-02-27 21:10:44,029:INFO:Importing untrained model
2022-02-27 21:10:44,035:INFO:Linear Discriminant Analysis Imported succesfully
2022-02-27 21:10:44,048:INFO:Starting cross validation
2022-02-27 21:10:44,049:INFO:Cross validating with StratifiedKFold(n_splits=5, random_state=None, shuffle=False), n_jobs=1
2022-02-27 21:10:51,880:INFO:Calculating mean and std
2022-02-27 21:10:51,881:INFO:Creating metrics dataframe
2022-02-27 21:10:51,922:INFO:Finalizing model
2022-02-27 21:10:53,819:INFO:Uploading results into container
2022-02-27 21:10:53,819:INFO:Uploading model into container now
2022-02-27 21:10:53,830:INFO:create_model_container: 1
2022-02-27 21:10:53,830:INFO:master_model_container: 1
2022-02-27 21:10:53,830:INFO:display_container: 2
2022-02-27 21:10:53,831:INFO:LinearDiscriminantAnalysis(n_components=None, priors=None, shrinkage=None,
                           solver='svd', store_covariance=False, tol=0.0001)
2022-02-27 21:10:53,831:INFO:create_model() succesfully completed......................................
2022-02-27 21:10:53,970:INFO:Initializing save_model()
2022-02-27 21:10:53,970:INFO:save_model(model=LinearDiscriminantAnalysis(n_components=None, priors=None, shrinkage=None,
                           solver='svd', store_covariance=False, tol=0.0001), model_name=model/model_v1, prep_pipe_=Pipeline(memory=None,
         steps=[('dtypes',
                 DataTypes_Auto_infer(categorical_features=['maildomain',
                                                            'region', 'orig_1',
                                                            'orig_2', 'utm_src',
                                                            'utm_med',
                                                            'utm_cpg',
                                                            'channel'],
                                      display_types=True,
                                      features_todrop=['user_id', 'value_90',
                                                       'purchases_90',
                                                       'value_90_bin'],
                                      id_columns=[],
                                      ml_usecase='classification',
                                      numerical_features=[],
                                      target='purchases_90_bool',
                                      time_feat...
                ('dummy', Dummify(target='purchases_90_bool')),
                ('fix_perfect', Remove_100(target='purchases_90_bool')),
                ('clean_names', Clean_Colum_Names()),
                ('feature_select', 'passthrough'), ('fix_multi', 'passthrough'),
                ('dfs', 'passthrough'),
                ('pca',
                 Reduce_Dimensions_For_Supervised_Path(method='pca_liner',
                                                       random_state=6415,
                                                       target='purchases_90_bool',
                                                       variance_retained_or_number_of_components=None))],
         verbose=False), verbose=True, kwargs={})
2022-02-27 21:10:53,970:INFO:Adding model into prep_pipe
2022-02-27 21:10:54,012:INFO:model/model_v1.pkl saved in current working directory
2022-02-27 21:10:54,018:INFO:Pipeline(memory=None,
         steps=[('dtypes',
                 DataTypes_Auto_infer(categorical_features=['maildomain',
                                                            'region', 'orig_1',
                                                            'orig_2', 'utm_src',
                                                            'utm_med',
                                                            'utm_cpg',
                                                            'channel'],
                                      display_types=True,
                                      features_todrop=['user_id', 'value_90',
                                                       'purchases_90',
                                                       'value_90_bin'],
                                      id_columns=[],
                                      ml_usecase='classification',
                                      numerical_features=[],
                                      target='purchases_90_bool',
                                      time_feat...
                ('feature_select', 'passthrough'), ('fix_multi', 'passthrough'),
                ('dfs', 'passthrough'),
                ('pca',
                 Reduce_Dimensions_For_Supervised_Path(method='pca_liner',
                                                       random_state=6415,
                                                       target='purchases_90_bool',
                                                       variance_retained_or_number_of_components=None)),
                ['trained_model',
                 LinearDiscriminantAnalysis(n_components=None, priors=None,
                                            shrinkage=None, solver='svd',
                                            store_covariance=False,
                                            tol=0.0001)]],
         verbose=False)
2022-02-27 21:10:54,018:INFO:save_model() successfully completed......................................
2022-02-27 21:21:37,306:INFO:Initializing load_model()
2022-02-27 21:21:37,307:INFO:load_model(model_name=model/model_v1, platform=None, authentication=None, verbose=True)
2022-02-27 21:23:18,177:INFO:Initializing load_model()
2022-02-27 21:23:18,177:INFO:load_model(model_name=model/model_v1, platform=None, authentication=None, verbose=True)
2022-02-27 21:24:54,131:INFO:Initializing load_model()
2022-02-27 21:24:54,131:INFO:load_model(model_name=model/model_v1, platform=None, authentication=None, verbose=True)
2022-02-27 21:25:25,424:INFO:Initializing load_model()
2022-02-27 21:25:25,425:INFO:load_model(model_name=model/model_v1, platform=None, authentication=None, verbose=True)
2022-02-27 21:26:08,365:INFO:Initializing load_model()
2022-02-27 21:26:08,365:INFO:load_model(model_name=model/model_v1, platform=None, authentication=None, verbose=True)
2022-02-27 21:27:44,167:INFO:Initializing load_model()
2022-02-27 21:27:44,167:INFO:load_model(model_name=model/model_v1, platform=None, authentication=None, verbose=True)
2022-02-27 21:28:12,408:INFO:Initializing load_model()
2022-02-27 21:28:12,408:INFO:load_model(model_name=model/model_v1, platform=None, authentication=None, verbose=True)
